<?xml version="1.0" encoding="UTF-8"?>
<coverage generated="1449241614">
  <project timestamp="1449241614">
    <file name="C:\nginx\www\bb-dev-service-aubi-plus-com\vendor\fabiankoestring\zf2-doctrine-elasticsearch-sync\src\Zf2DoctrineElasticsearchSync/Exception/ExceptionInterface.php">
      <metrics loc="11" ncloc="6" classes="0" methods="0" coveredmethods="0" conditionals="0" coveredconditionals="0" statements="0" coveredstatements="0" elements="0" coveredelements="0"/>
    </file>
    <package name="Zf2DoctrineElasticsearchSync\Exception">
      <file name="C:\nginx\www\bb-dev-service-aubi-plus-com\vendor\fabiankoestring\zf2-doctrine-elasticsearch-sync\src\Zf2DoctrineElasticsearchSync/Exception/InvalidArgumentException.php">
        <class name="InvalidArgumentException" namespace="Zf2DoctrineElasticsearchSync\Exception" fullPackage="Zf2DoctrineElasticsearchSync" package="Zf2DoctrineElasticsearchSync">
          <metrics methods="0" coveredmethods="0" conditionals="0" coveredconditionals="0" statements="0" coveredstatements="0" elements="0" coveredelements="0"/>
        </class>
        <metrics loc="12" ncloc="6" classes="1" methods="0" coveredmethods="0" conditionals="0" coveredconditionals="0" statements="0" coveredstatements="0" elements="0" coveredelements="0"/>
      </file>
    </package>
    <package name="Zf2DoctrineElasticsearchSync\Listener">
      <file name="C:\nginx\www\bb-dev-service-aubi-plus-com\vendor\fabiankoestring\zf2-doctrine-elasticsearch-sync\src\Zf2DoctrineElasticsearchSync/Listener/Sync.php">
        <class name="Sync" namespace="Zf2DoctrineElasticsearchSync\Listener" fullPackage="Zf2DoctrineElasticsearchListener" package="Zf2DoctrineElasticsearchListener">
          <metrics methods="10" coveredmethods="2" conditionals="0" coveredconditionals="0" statements="75" coveredstatements="21" elements="85" coveredelements="23"/>
        </class>
        <line num="42" type="method" name="__construct" crap="1" count="3"/>
        <line num="44" type="stmt" count="3"/>
        <line num="45" type="stmt" count="3"/>
        <line num="46" type="stmt" count="3"/>
        <line num="53" type="method" name="onFlush" crap="7" count="1"/>
        <line num="55" type="stmt" count="1"/>
        <line num="56" type="stmt" count="1"/>
        <line num="58" type="stmt" count="1"/>
        <line num="59" type="stmt" count="1"/>
        <line num="60" type="stmt" count="1"/>
        <line num="64" type="stmt" count="1"/>
        <line num="65" type="stmt" count="1"/>
        <line num="66" type="stmt" count="1"/>
        <line num="70" type="stmt" count="1"/>
        <line num="71" type="stmt" count="1"/>
        <line num="72" type="stmt" count="1"/>
        <line num="76" type="stmt" count="1"/>
        <line num="77" type="stmt" count="1"/>
        <line num="78" type="stmt" count="1"/>
        <line num="85" type="method" name="postFlush" crap="2" count="0"/>
        <line num="87" type="stmt" count="0"/>
        <line num="88" type="stmt" count="0"/>
        <line num="96" type="method" name="elasticsearchTypeExists" crap="6" count="0"/>
        <line num="99" type="stmt" count="0"/>
        <line num="100" type="stmt" count="0"/>
        <line num="102" type="stmt" count="0"/>
        <line num="103" type="stmt" count="0"/>
        <line num="106" type="stmt" count="0"/>
        <line num="116" type="method" name="elasticsearchCreateType" crap="20" count="0"/>
        <line num="118" type="stmt" count="0"/>
        <line num="119" type="stmt" count="0"/>
        <line num="120" type="stmt" count="0"/>
        <line num="121" type="stmt" count="0"/>
        <line num="122" type="stmt" count="0"/>
        <line num="127" type="stmt" count="0"/>
        <line num="130" type="stmt" count="0"/>
        <line num="134" type="stmt" count="0"/>
        <line num="144" type="stmt" count="0"/>
        <line num="192" type="stmt" count="0"/>
        <line num="194" type="method" name="insertEntity" crap="20" count="0"/>
        <line num="196" type="stmt" count="0"/>
        <line num="197" type="stmt" count="0"/>
        <line num="198" type="stmt" count="0"/>
        <line num="199" type="stmt" count="0"/>
        <line num="200" type="stmt" count="0"/>
        <line num="201" type="stmt" count="0"/>
        <line num="294" type="stmt" count="0"/>
        <line num="295" type="stmt" count="0"/>
        <line num="296" type="stmt" count="0"/>
        <line num="299" type="stmt" count="0"/>
        <line num="300" type="stmt" count="0"/>
        <line num="301" type="stmt" count="0"/>
        <line num="304" type="stmt" count="0"/>
        <line num="305" type="stmt" count="0"/>
        <line num="308" type="stmt" count="0"/>
        <line num="427" type="stmt" count="0"/>
        <line num="436" type="method" name="deleteEntity" crap="6" count="0"/>
        <line num="438" type="stmt" count="0"/>
        <line num="439" type="stmt" count="0"/>
        <line num="441" type="stmt" count="0"/>
        <line num="442" type="stmt" count="0"/>
        <line num="446" type="stmt" count="0"/>
        <line num="447" type="stmt" count="0"/>
        <line num="448" type="stmt" count="0"/>
        <line num="451" type="stmt" count="0"/>
        <line num="452" type="stmt" count="0"/>
        <line num="458" type="method" name="syncEntityInsertions" crap="12" count="0"/>
        <line num="460" type="stmt" count="0"/>
        <line num="461" type="stmt" count="0"/>
        <line num="462" type="stmt" count="0"/>
        <line num="463" type="stmt" count="0"/>
        <line num="465" type="stmt" count="0"/>
        <line num="467" type="stmt" count="0"/>
        <line num="473" type="method" name="syncEntityUpdates" crap="4.94" count="1"/>
        <line num="475" type="stmt" count="1"/>
        <line num="476" type="stmt" count="0"/>
        <line num="477" type="stmt" count="0"/>
        <line num="478" type="stmt" count="0"/>
        <line num="481" type="stmt" count="1"/>
        <line num="486" type="method" name="syncEntityDeletions" crap="4.94" count="1"/>
        <line num="488" type="stmt" count="1"/>
        <line num="489" type="stmt" count="0"/>
        <line num="490" type="stmt" count="0"/>
        <line num="491" type="stmt" count="0"/>
        <line num="494" type="stmt" count="1"/>
        <metrics loc="495" ncloc="184" classes="1" methods="10" coveredmethods="2" conditionals="0" coveredconditionals="0" statements="75" coveredstatements="21" elements="85" coveredelements="23"/>
      </file>
      <file name="C:\nginx\www\bb-dev-service-aubi-plus-com\vendor\fabiankoestring\zf2-doctrine-elasticsearch-sync\src\Zf2DoctrineElasticsearchSync/Listener/SyncFactory.php">
        <class name="SyncFactory" namespace="Zf2DoctrineElasticsearchSync\Listener" fullPackage="Zf2DoctrineElasticsearchSync" package="Zf2DoctrineElasticsearchSync">
          <metrics methods="1" coveredmethods="1" conditionals="0" coveredconditionals="0" statements="3" coveredstatements="3" elements="4" coveredelements="4"/>
        </class>
        <line num="23" type="method" name="createService" crap="1" count="1"/>
        <line num="26" type="stmt" count="1"/>
        <line num="29" type="stmt" count="1"/>
        <line num="31" type="stmt" count="1"/>
        <metrics loc="32" ncloc="18" classes="1" methods="1" coveredmethods="1" conditionals="0" coveredconditionals="0" statements="3" coveredstatements="3" elements="4" coveredelements="4"/>
      </file>
    </package>
    <package name="Zf2DoctrineElasticsearchSync">
      <file name="C:\nginx\www\bb-dev-service-aubi-plus-com\vendor\fabiankoestring\zf2-doctrine-elasticsearch-sync\src\Zf2DoctrineElasticsearchSync/Module.php">
        <class name="Module" namespace="Zf2DoctrineElasticsearchSync" fullPackage="Zf2DoctrineElasticsearchSync" package="Zf2DoctrineElasticsearchSync">
          <metrics methods="4" coveredmethods="4" conditionals="0" coveredconditionals="0" statements="17" coveredstatements="17" elements="21" coveredelements="21"/>
        </class>
        <line num="31" type="method" name="getAutoloaderConfig" crap="1" count="1"/>
        <line num="35" type="stmt" count="1"/>
        <line num="38" type="stmt" count="1"/>
        <line num="46" type="method" name="getConfig" crap="1" count="1"/>
        <line num="48" type="stmt" count="1"/>
        <line num="56" type="method" name="onDispatch" crap="2" count="1"/>
        <line num="58" type="stmt" count="1"/>
        <line num="60" type="stmt" count="1"/>
        <line num="62" type="stmt" count="1"/>
        <line num="64" type="stmt" count="1"/>
        <line num="66" type="stmt" count="1"/>
        <line num="67" type="stmt" count="1"/>
        <line num="69" type="stmt" count="1"/>
        <line num="76" type="method" name="onBootstrap" crap="4" count="3"/>
        <line num="78" type="stmt" count="3"/>
        <line num="80" type="stmt" count="3"/>
        <line num="81" type="stmt" count="3"/>
        <line num="83" type="stmt" count="3"/>
        <line num="85" type="stmt" count="1"/>
        <line num="86" type="stmt" count="1"/>
        <line num="89" type="stmt" count="3"/>
        <metrics loc="90" ncloc="60" classes="1" methods="4" coveredmethods="4" conditionals="0" coveredconditionals="0" statements="17" coveredstatements="17" elements="21" coveredelements="21"/>
      </file>
    </package>
    <package name="Zf2DoctrineElasticsearchSync\Option">
      <file name="C:\nginx\www\bb-dev-service-aubi-plus-com\vendor\fabiankoestring\zf2-doctrine-elasticsearch-sync\src\Zf2DoctrineElasticsearchSync/Option/Entity.php">
        <class name="Entity" namespace="Zf2DoctrineElasticsearchSync\Option">
          <metrics methods="10" coveredmethods="10" conditionals="0" coveredconditionals="0" statements="20" coveredstatements="20" elements="30" coveredelements="30"/>
        </class>
        <line num="25" type="method" name="getIndex" crap="1" count="2"/>
        <line num="27" type="stmt" count="2"/>
        <line num="35" type="method" name="setIndex" crap="1" count="3"/>
        <line num="37" type="stmt" count="3"/>
        <line num="38" type="stmt" count="3"/>
        <line num="46" type="method" name="getType" crap="1" count="2"/>
        <line num="48" type="stmt" count="2"/>
        <line num="56" type="method" name="setType" crap="1" count="3"/>
        <line num="58" type="stmt" count="3"/>
        <line num="59" type="stmt" count="3"/>
        <line num="67" type="method" name="getFields" crap="1" count="4"/>
        <line num="69" type="stmt" count="4"/>
        <line num="77" type="method" name="setFields" crap="4" count="3"/>
        <line num="79" type="stmt" count="3"/>
        <line num="80" type="stmt" count="3"/>
        <line num="85" type="stmt" count="3"/>
        <line num="88" type="stmt" count="3"/>
        <line num="97" type="method" name="hasField" crap="2" count="2"/>
        <line num="99" type="stmt" count="2"/>
        <line num="100" type="stmt" count="2"/>
        <line num="102" type="stmt" count="2"/>
        <line num="111" type="method" name="getField" crap="2" count="1"/>
        <line num="113" type="stmt" count="1"/>
        <line num="114" type="stmt" count="1"/>
        <line num="116" type="stmt" count="1"/>
        <line num="124" type="method" name="getAlias" crap="1" count="2"/>
        <line num="126" type="stmt" count="2"/>
        <line num="134" type="method" name="setAlias" crap="1" count="3"/>
        <line num="136" type="stmt" count="3"/>
        <line num="137" type="stmt" count="3"/>
        <metrics loc="138" ncloc="82" classes="1" methods="10" coveredmethods="10" conditionals="0" coveredconditionals="0" statements="20" coveredstatements="20" elements="30" coveredelements="30"/>
      </file>
      <file name="C:\nginx\www\bb-dev-service-aubi-plus-com\vendor\fabiankoestring\zf2-doctrine-elasticsearch-sync\src\Zf2DoctrineElasticsearchSync/Option/Sync.php">
        <class name="Sync" namespace="Zf2DoctrineElasticsearchSync\Option" fullPackage="Zf2DoctrineElasticsearchSync" package="Zf2DoctrineElasticsearchSync">
          <metrics methods="4" coveredmethods="4" conditionals="0" coveredconditionals="0" statements="10" coveredstatements="10" elements="14" coveredelements="14"/>
        </class>
        <line num="22" type="method" name="getEntities" crap="1" count="7"/>
        <line num="24" type="stmt" count="7"/>
        <line num="32" type="method" name="setEntities" crap="2" count="4"/>
        <line num="34" type="stmt" count="4"/>
        <line num="35" type="stmt" count="4"/>
        <line num="37" type="stmt" count="4"/>
        <line num="46" type="method" name="hasEntity" crap="3" count="3"/>
        <line num="48" type="stmt" count="3"/>
        <line num="49" type="stmt" count="2"/>
        <line num="51" type="stmt" count="3"/>
        <line num="60" type="method" name="getEntity" crap="2" count="1"/>
        <line num="62" type="stmt" count="1"/>
        <line num="63" type="stmt" count="1"/>
        <line num="65" type="stmt" count="1"/>
        <metrics loc="66" ncloc="37" classes="1" methods="4" coveredmethods="4" conditionals="0" coveredconditionals="0" statements="10" coveredstatements="10" elements="14" coveredelements="14"/>
      </file>
      <file name="C:\nginx\www\bb-dev-service-aubi-plus-com\vendor\fabiankoestring\zf2-doctrine-elasticsearch-sync\src\Zf2DoctrineElasticsearchSync/Option/SyncFactory.php">
        <class name="SyncFactory" namespace="Zf2DoctrineElasticsearchSync\Option" fullPackage="Zf2DoctrineElasticsearchSync" package="Zf2DoctrineElasticsearchSync">
          <metrics methods="1" coveredmethods="1" conditionals="0" coveredconditionals="0" statements="4" coveredstatements="4" elements="5" coveredelements="5"/>
        </class>
        <line num="21" type="method" name="createService" crap="2" count="2"/>
        <line num="23" type="stmt" count="2"/>
        <line num="25" type="stmt" count="2"/>
        <line num="26" type="stmt" count="1"/>
        <line num="29" type="stmt" count="1"/>
        <metrics loc="30" ncloc="18" classes="1" methods="1" coveredmethods="1" conditionals="0" coveredconditionals="0" statements="4" coveredstatements="4" elements="5" coveredelements="5"/>
      </file>
    </package>
    <package name="Zf2DoctrineElasticsearchSync\Option\Field">
      <file name="C:\nginx\www\bb-dev-service-aubi-plus-com\vendor\fabiankoestring\zf2-doctrine-elasticsearch-sync\src\Zf2DoctrineElasticsearchSync/Option/Field/CompletionSuggester.php">
        <class name="CompletionSuggester" namespace="Zf2DoctrineElasticsearchSync\Option\Field" fullPackage="Zf2DoctrineElasticsearchSync" package="Zf2DoctrineElasticsearchSync">
          <metrics methods="2" coveredmethods="0" conditionals="0" coveredconditionals="0" statements="8" coveredstatements="0" elements="10" coveredelements="0"/>
        </class>
        <line num="17" type="method" name="setMapping" crap="2" count="0"/>
        <line num="18" type="stmt" count="0"/>
        <line num="19" type="stmt" count="0"/>
        <line num="20" type="stmt" count="0"/>
        <line num="21" type="stmt" count="0"/>
        <line num="28" type="method" name="setIndexing" crap="2" count="0"/>
        <line num="29" type="stmt" count="0"/>
        <line num="30" type="stmt" count="0"/>
        <line num="31" type="stmt" count="0"/>
        <line num="32" type="stmt" count="0"/>
        <metrics loc="32" ncloc="16" classes="1" methods="2" coveredmethods="0" conditionals="0" coveredconditionals="0" statements="8" coveredstatements="0" elements="10" coveredelements="0"/>
      </file>
      <file name="C:\nginx\www\bb-dev-service-aubi-plus-com\vendor\fabiankoestring\zf2-doctrine-elasticsearch-sync\src\Zf2DoctrineElasticsearchSync/Option/Field/Field.php">
        <class name="Field" namespace="Zf2DoctrineElasticsearchSync\Option\Field">
          <metrics methods="3" coveredmethods="3" conditionals="0" coveredconditionals="0" statements="5" coveredstatements="5" elements="8" coveredelements="8"/>
        </class>
        <line num="23" type="method" name="__construct" crap="1" count="5"/>
        <line num="25" type="stmt" count="5"/>
        <line num="26" type="stmt" count="5"/>
        <line num="27" type="stmt" count="5"/>
        <line num="34" type="method" name="getMapping" crap="1" count="2"/>
        <line num="36" type="stmt" count="2"/>
        <line num="55" type="method" name="getIndexing" crap="1" count="2"/>
        <line num="57" type="stmt" count="2"/>
        <metrics loc="90" ncloc="52" classes="1" methods="3" coveredmethods="3" conditionals="0" coveredconditionals="0" statements="5" coveredstatements="5" elements="8" coveredelements="8"/>
      </file>
    </package>
    <package name="Zf2DoctrineElasticsearchSync\Option\Indexing">
      <file name="C:\nginx\www\bb-dev-service-aubi-plus-com\vendor\fabiankoestring\zf2-doctrine-elasticsearch-sync\src\Zf2DoctrineElasticsearchSync/Option/Indexing/CompletionSuggester.php">
        <class name="CompletionSuggester" namespace="Zf2DoctrineElasticsearchSync\Option\Indexing">
          <metrics methods="9" coveredmethods="0" conditionals="0" coveredconditionals="0" statements="61" coveredstatements="0" elements="70" coveredelements="0"/>
        </class>
        <line num="26" type="method" name="getPayload" crap="2" count="0"/>
        <line num="27" type="stmt" count="0"/>
        <line num="28" type="stmt" count="0"/>
        <line num="29" type="stmt" count="0"/>
        <line num="36" type="method" name="setPayload" crap="2" count="0"/>
        <line num="37" type="stmt" count="0"/>
        <line num="38" type="stmt" count="0"/>
        <line num="39" type="stmt" count="0"/>
        <line num="40" type="stmt" count="0"/>
        <line num="47" type="method" name="getWeight" crap="2" count="0"/>
        <line num="48" type="stmt" count="0"/>
        <line num="49" type="stmt" count="0"/>
        <line num="50" type="stmt" count="0"/>
        <line num="57" type="method" name="setWeight" crap="2" count="0"/>
        <line num="58" type="stmt" count="0"/>
        <line num="59" type="stmt" count="0"/>
        <line num="60" type="stmt" count="0"/>
        <line num="61" type="stmt" count="0"/>
        <line num="68" type="method" name="getOutput" crap="2" count="0"/>
        <line num="69" type="stmt" count="0"/>
        <line num="70" type="stmt" count="0"/>
        <line num="71" type="stmt" count="0"/>
        <line num="78" type="method" name="setOutput" crap="2" count="0"/>
        <line num="79" type="stmt" count="0"/>
        <line num="80" type="stmt" count="0"/>
        <line num="81" type="stmt" count="0"/>
        <line num="82" type="stmt" count="0"/>
        <line num="89" type="method" name="getInput" crap="2" count="0"/>
        <line num="90" type="stmt" count="0"/>
        <line num="91" type="stmt" count="0"/>
        <line num="92" type="stmt" count="0"/>
        <line num="99" type="method" name="setInput" crap="2" count="0"/>
        <line num="100" type="stmt" count="0"/>
        <line num="101" type="stmt" count="0"/>
        <line num="102" type="stmt" count="0"/>
        <line num="103" type="stmt" count="0"/>
        <line num="105" type="method" name="getElasticsearchConfig" crap="110" count="0"/>
        <line num="106" type="stmt" count="0"/>
        <line num="107" type="stmt" count="0"/>
        <line num="110" type="stmt" count="0"/>
        <line num="111" type="stmt" count="0"/>
        <line num="112" type="stmt" count="0"/>
        <line num="113" type="stmt" count="0"/>
        <line num="114" type="stmt" count="0"/>
        <line num="115" type="stmt" count="0"/>
        <line num="116" type="stmt" count="0"/>
        <line num="117" type="stmt" count="0"/>
        <line num="118" type="stmt" count="0"/>
        <line num="121" type="stmt" count="0"/>
        <line num="122" type="stmt" count="0"/>
        <line num="123" type="stmt" count="0"/>
        <line num="124" type="stmt" count="0"/>
        <line num="125" type="stmt" count="0"/>
        <line num="126" type="stmt" count="0"/>
        <line num="127" type="stmt" count="0"/>
        <line num="128" type="stmt" count="0"/>
        <line num="129" type="stmt" count="0"/>
        <line num="130" type="stmt" count="0"/>
        <line num="131" type="stmt" count="0"/>
        <line num="132" type="stmt" count="0"/>
        <line num="133" type="stmt" count="0"/>
        <line num="136" type="stmt" count="0"/>
        <line num="137" type="stmt" count="0"/>
        <line num="138" type="stmt" count="0"/>
        <line num="139" type="stmt" count="0"/>
        <line num="142" type="stmt" count="0"/>
        <line num="143" type="stmt" count="0"/>
        <line num="144" type="stmt" count="0"/>
        <line num="146" type="stmt" count="0"/>
        <line num="147" type="stmt" count="0"/>
        <metrics loc="147" ncloc="95" classes="1" methods="9" coveredmethods="0" conditionals="0" coveredconditionals="0" statements="61" coveredstatements="0" elements="70" coveredelements="0"/>
      </file>
      <file name="C:\nginx\www\bb-dev-service-aubi-plus-com\vendor\fabiankoestring\zf2-doctrine-elasticsearch-sync\src\Zf2DoctrineElasticsearchSync/Option/Indexing/Field.php">
        <class name="Field" namespace="Zf2DoctrineElasticsearchSync\Option\Indexing" fullPackage="Zf2DoctrineElasticsearchSync" package="Zf2DoctrineElasticsearchSync">
          <metrics methods="2" coveredmethods="2" conditionals="0" coveredconditionals="0" statements="3" coveredstatements="3" elements="5" coveredelements="5"/>
        </class>
        <line num="22" type="method" name="getCallable" crap="1" count="2"/>
        <line num="24" type="stmt" count="2"/>
        <line num="32" type="method" name="setCallable" crap="1" count="1"/>
        <line num="34" type="stmt" count="1"/>
        <line num="35" type="stmt" count="1"/>
        <metrics loc="106" ncloc="26" classes="1" methods="2" coveredmethods="2" conditionals="0" coveredconditionals="0" statements="3" coveredstatements="3" elements="5" coveredelements="5"/>
      </file>
    </package>
    <package name="Zf2DoctrineElasticsearchSync\Option\Mapping">
      <file name="C:\nginx\www\bb-dev-service-aubi-plus-com\vendor\fabiankoestring\zf2-doctrine-elasticsearch-sync\src\Zf2DoctrineElasticsearchSync/Option/Mapping/CompletionSuggester.php">
        <class name="CompletionSuggester" namespace="Zf2DoctrineElasticsearchSync\Option\Mapping" fullPackage="Zf2DoctrineElasticsearchSync" package="Zf2DoctrineElasticsearchSync">
          <metrics methods="0" coveredmethods="0" conditionals="0" coveredconditionals="0" statements="0" coveredstatements="0" elements="0" coveredelements="0"/>
        </class>
        <metrics loc="13" ncloc="6" classes="1" methods="0" coveredmethods="0" conditionals="0" coveredconditionals="0" statements="0" coveredstatements="0" elements="0" coveredelements="0"/>
      </file>
      <file name="C:\nginx\www\bb-dev-service-aubi-plus-com\vendor\fabiankoestring\zf2-doctrine-elasticsearch-sync\src\Zf2DoctrineElasticsearchSync/Option/Mapping/Field.php">
        <class name="Field" namespace="Zf2DoctrineElasticsearchSync\Option\Mapping" fullPackage="Zf2DoctrineElasticsearchSync" package="Zf2DoctrineElasticsearchSync">
          <metrics methods="4" coveredmethods="4" conditionals="0" coveredconditionals="0" statements="6" coveredstatements="6" elements="10" coveredelements="10"/>
        </class>
        <line num="25" type="method" name="getParameters" crap="1" count="2"/>
        <line num="27" type="stmt" count="2"/>
        <line num="35" type="method" name="setParameters" crap="1" count="1"/>
        <line num="37" type="stmt" count="1"/>
        <line num="38" type="stmt" count="1"/>
        <line num="46" type="method" name="getType" crap="1" count="2"/>
        <line num="48" type="stmt" count="2"/>
        <line num="56" type="method" name="setType" crap="1" count="1"/>
        <line num="58" type="stmt" count="1"/>
        <line num="59" type="stmt" count="1"/>
        <metrics loc="60" ncloc="32" classes="1" methods="4" coveredmethods="4" conditionals="0" coveredconditionals="0" statements="6" coveredstatements="6" elements="10" coveredelements="10"/>
      </file>
    </package>
    <package name="Zf2DoctrineElasticsearchSync\Service">
      <file name="C:\nginx\www\bb-dev-service-aubi-plus-com\vendor\fabiankoestring\zf2-doctrine-elasticsearch-sync\src\Zf2DoctrineElasticsearchSync/Service/ElasticsearchFactory.php">
        <class name="ElasticsearchFactory" namespace="Zf2DoctrineElasticsearchSync\Service" fullPackage="Zf2DoctrineElasticsearchSync" package="Zf2DoctrineElasticsearchSync">
          <metrics methods="1" coveredmethods="1" conditionals="0" coveredconditionals="0" statements="1" coveredstatements="1" elements="2" coveredelements="2"/>
        </class>
        <line num="21" type="method" name="createService" crap="1" count="1"/>
        <line num="23" type="stmt" count="1"/>
        <metrics loc="25" ncloc="13" classes="1" methods="1" coveredmethods="1" conditionals="0" coveredconditionals="0" statements="1" coveredstatements="1" elements="2" coveredelements="2"/>
      </file>
    </package>
    <metrics files="15" loc="1347" ncloc="651" classes="14" methods="51" coveredmethods="32" conditionals="0" coveredconditionals="0" statements="213" coveredstatements="90" elements="264" coveredelements="122"/>
  </project>
</coverage>
